Using pre-set license
Built from '2022.3/staging' branch; Version is '2022.3.29f1 (8d510ca76d2b) revision 9261324'; Using compiler version '192829333'; Build Type 'Release'
OS: 'Windows 11  (10.0.22631) 64bit Core' Language: 'no' Physical Memory: 16221 MB
BatchMode: 1, IsHumanControllingUs: 0, StartBugReporterOnCrash: 0, Is64bit: 1, IsPro: 1

COMMAND LINE ARGUMENTS:
C:\Program Files\Unity\Hub\Editor\2022.3.29f1\Editor\Unity.exe
-adb2
-batchMode
-noUpm
-name
AssetImportWorker0
-projectPath
C:/Users/Mariu/OneDrive/Desktop/lab/Rocket-Man-Summer-Edition-Mobile-master
-logFile
Logs/AssetImportWorker0.log
-srvPort
61732
Successfully changed project path to: C:/Users/Mariu/OneDrive/Desktop/lab/Rocket-Man-Summer-Edition-Mobile-master
C:/Users/Mariu/OneDrive/Desktop/lab/Rocket-Man-Summer-Edition-Mobile-master
[UnityMemory] Configuration Parameters - Can be set up in boot.config
    "memorysetup-bucket-allocator-granularity=16"
    "memorysetup-bucket-allocator-bucket-count=8"
    "memorysetup-bucket-allocator-block-size=33554432"
    "memorysetup-bucket-allocator-block-count=8"
    "memorysetup-main-allocator-block-size=16777216"
    "memorysetup-thread-allocator-block-size=16777216"
    "memorysetup-gfx-main-allocator-block-size=16777216"
    "memorysetup-gfx-thread-allocator-block-size=16777216"
    "memorysetup-cache-allocator-block-size=4194304"
    "memorysetup-typetree-allocator-block-size=2097152"
    "memorysetup-profiler-bucket-allocator-granularity=16"
    "memorysetup-profiler-bucket-allocator-bucket-count=8"
    "memorysetup-profiler-bucket-allocator-block-size=33554432"
    "memorysetup-profiler-bucket-allocator-block-count=8"
    "memorysetup-profiler-allocator-block-size=16777216"
    "memorysetup-profiler-editor-allocator-block-size=1048576"
    "memorysetup-temp-allocator-size-main=16777216"
    "memorysetup-job-temp-allocator-block-size=2097152"
    "memorysetup-job-temp-allocator-block-size-background=1048576"
    "memorysetup-job-temp-allocator-reduction-small-platforms=262144"
    "memorysetup-allocator-temp-initial-block-size-main=262144"
    "memorysetup-allocator-temp-initial-block-size-worker=262144"
    "memorysetup-temp-allocator-size-background-worker=32768"
    "memorysetup-temp-allocator-size-job-worker=262144"
    "memorysetup-temp-allocator-size-preload-manager=33554432"
    "memorysetup-temp-allocator-size-nav-mesh-worker=65536"
    "memorysetup-temp-allocator-size-audio-worker=65536"
    "memorysetup-temp-allocator-size-cloud-worker=32768"
    "memorysetup-temp-allocator-size-gi-baking-worker=262144"
    "memorysetup-temp-allocator-size-gfx=262144"
Player connection [14808] Host "[IP] 10.0.0.3 [Port] 0 [Flags] 2 [Guid] 1540791001 [EditorId] 1540791001 [Version] 1048832 [Id] WindowsEditor(7,Marius) [Debug] 1 [PackageName] WindowsEditor [ProjectName] Editor" joined multi-casting on [225.0.0.222:54997]...

Player connection [14808] Host "[IP] 10.0.0.3 [Port] 0 [Flags] 2 [Guid] 1540791001 [EditorId] 1540791001 [Version] 1048832 [Id] WindowsEditor(7,Marius) [Debug] 1 [PackageName] WindowsEditor [ProjectName] Editor" joined alternative multi-casting on [225.0.0.222:34997]...

[Physics::Module] Initialized MultithreadedJobDispatcher with 15 workers.
Refreshing native plugins compatible for Editor in 16.58 ms, found 2 plugins.
Preloading 0 native plugins for Editor in 0.00 ms.
Initialize engine version: 2022.3.29f1 (8d510ca76d2b)
[Subsystems] Discovering subsystems at path C:/Program Files/Unity/Hub/Editor/2022.3.29f1/Editor/Data/Resources/UnitySubsystems
[Subsystems] Discovering subsystems at path C:/Users/Mariu/OneDrive/Desktop/lab/Rocket-Man-Summer-Edition-Mobile-master/Assets
GfxDevice: creating device client; threaded=0; jobified=0
Direct3D:
    Version:  Direct3D 11.0 [level 11.1]
    Renderer: NVIDIA GeForce RTX 3070 (ID=0x2488)
    Vendor:   NVIDIA
    VRAM:     8018 MB
    Driver:   31.0.15.5212
Initialize mono
Mono path[0] = 'C:/Program Files/Unity/Hub/Editor/2022.3.29f1/Editor/Data/Managed'
Mono path[1] = 'C:/Program Files/Unity/Hub/Editor/2022.3.29f1/Editor/Data/MonoBleedingEdge/lib/mono/unityjit-win32'
Mono config path = 'C:/Program Files/Unity/Hub/Editor/2022.3.29f1/Editor/Data/MonoBleedingEdge/etc'
Using monoOptions --debugger-agent=transport=dt_socket,embedding=1,server=y,suspend=n,address=127.0.0.1:56160
Begin MonoManager ReloadAssembly
Registering precompiled unity dll's ...
Register platform support module: C:/Program Files/Unity/Hub/Editor/2022.3.29f1/Editor/Data/PlaybackEngines/WebGLSupport/UnityEditor.WebGL.Extensions.dll
Register platform support module: C:/Program Files/Unity/Hub/Editor/2022.3.29f1/Editor/Data/PlaybackEngines/WindowsStandaloneSupport/UnityEditor.WindowsStandalone.Extensions.dll
Registered in 0.010718 seconds.
- Loaded All Assemblies, in  0.488 seconds
Native extension for WindowsStandalone target not found
Native extension for WebGL target not found
Mono: successfully reloaded assembly
- Finished resetting the current domain, in  0.390 seconds
Domain Reload Profiling: 877ms
	BeginReloadAssembly (145ms)
		ExecutionOrderSort (0ms)
		DisableScriptedObjects (0ms)
		BackupInstance (0ms)
		ReleaseScriptingObjects (0ms)
		CreateAndSetChildDomain (1ms)
	RebuildCommonClasses (45ms)
	RebuildNativeTypeToScriptingClass (15ms)
	initialDomainReloadingComplete (84ms)
	LoadAllAssembliesAndSetupDomain (196ms)
		LoadAssemblies (143ms)
		RebuildTransferFunctionScriptingTraits (0ms)
		AnalyzeDomain (194ms)
			TypeCache.Refresh (191ms)
				TypeCache.ScanAssembly (170ms)
			ScanForSourceGeneratedMonoScriptInfo (1ms)
			ResolveRequiredComponents (1ms)
	FinalizeReload (391ms)
		ReleaseScriptCaches (0ms)
		RebuildScriptCaches (0ms)
		SetupLoadedEditorAssemblies (309ms)
			LogAssemblyErrors (0ms)
			InitializePlatformSupportModulesInManaged (14ms)
			SetLoadedEditorAssemblies (8ms)
			RefreshPlugins (0ms)
			BeforeProcessingInitializeOnLoad (3ms)
			ProcessInitializeOnLoadAttributes (220ms)
			ProcessInitializeOnLoadMethodAttributes (65ms)
			AfterProcessingInitializeOnLoad (0ms)
			EditorAssembliesLoaded (0ms)
		ExecutionOrderSort2 (0ms)
		AwakeInstancesAfterBackupRestoration (0ms)
========================================================================
Worker process is ready to serve import requests
Begin MonoManager ReloadAssembly
Symbol file LoadedFromMemory is not a mono symbol file
- Loaded All Assemblies, in  0.816 seconds
Refreshing native plugins compatible for Editor in 11.00 ms, found 2 plugins.
Native extension for WindowsStandalone target not found
Native extension for WebGL target not found
Package Manager log level set to [2]
[Package Manager] Server::EnsureServerProcessIsRunning -- launch failed, reason: Unity was launched with the -noUpm command-line argument
[Package Manager] UpmClient::Send -- Unable to send message (not connected to UPM process).
[Package Manager] Cannot connect to Unity Package Manager local server
Mono: successfully reloaded assembly
- Finished resetting the current domain, in  0.998 seconds
Domain Reload Profiling: 1809ms
	BeginReloadAssembly (190ms)
		ExecutionOrderSort (0ms)
		DisableScriptedObjects (7ms)
		BackupInstance (0ms)
		ReleaseScriptingObjects (0ms)
		CreateAndSetChildDomain (25ms)
	RebuildCommonClasses (60ms)
	RebuildNativeTypeToScriptingClass (16ms)
	initialDomainReloadingComplete (60ms)
	LoadAllAssembliesAndSetupDomain (485ms)
		LoadAssemblies (415ms)
		RebuildTransferFunctionScriptingTraits (0ms)
		AnalyzeDomain (182ms)
			TypeCache.Refresh (145ms)
				TypeCache.ScanAssembly (123ms)
			ScanForSourceGeneratedMonoScriptInfo (27ms)
			ResolveRequiredComponents (8ms)
	FinalizeReload (998ms)
		ReleaseScriptCaches (0ms)
		RebuildScriptCaches (0ms)
		SetupLoadedEditorAssemblies (778ms)
			LogAssemblyErrors (0ms)
			InitializePlatformSupportModulesInManaged (10ms)
			SetLoadedEditorAssemblies (6ms)
			RefreshPlugins (0ms)
			BeforeProcessingInitializeOnLoad (87ms)
			ProcessInitializeOnLoadAttributes (436ms)
			ProcessInitializeOnLoadMethodAttributes (230ms)
			AfterProcessingInitializeOnLoad (9ms)
			EditorAssembliesLoaded (0ms)
		ExecutionOrderSort2 (0ms)
		AwakeInstancesAfterBackupRestoration (10ms)
Launched and connected shader compiler UnityShaderCompiler.exe after 0.10 seconds
Refreshing native plugins compatible for Editor in 12.72 ms, found 2 plugins.
Preloading 0 native plugins for Editor in 0.00 ms.
Unloading 2653 Unused Serialized files (Serialized files now loaded: 0)
Unloading 68 unused Assets / (361.2 KB). Loaded Objects now: 3095.
Memory consumption went from 117.8 MB to 117.4 MB.
Total: 10.960600 ms (FindLiveObjects: 0.246900 ms CreateObjectMapping: 0.118200 ms MarkObjects: 10.396500 ms  DeleteObjects: 0.197200 ms)

AssetImportParameters requested are different than current active one (requested -> active):
  custom:video-decoder-webm-vp8: 9c59270c3fd7afecdb556c50c9e8de78 -> 
  custom:SearchIndexIgnoredProperties: e643bd26f0fe6173181afceb89e7c659 -> 
  custom:container-demuxer-ogg: 62fdf1f143b41e24485cea50d1cbac27 -> 
  custom:AudioImporter_EditorPlatform: d09bf68614088b80899f8185d706f6e7 -> 
  custom:video-codec-MediaFoundation-h265: 746d11721c4dcdbdad8f713fa42b33f4 -> 
  custom:video-decoder-ogg-theora: a1e56fd34408186e4bbccfd4996cb3dc -> 
  custom:framework-win-MediaFoundation: 216162199b28c13a410421893ffa2e32 -> 
  custom:video-encoder-webm-vp8: eb34c28f22e8b96e1ab97ce403110664 -> 
  custom:audio-decoder-ogg-vorbis: bf7c407c2cedff20999df2af8eb42d56 -> 
  custom:CustomObjectIndexerAttribute: 9a22284fe3817be447336de3de66b15e -> 
  custom:container-demuxer-webm: 4f35f7cbe854078d1ac9338744f61a02 -> 
  custom:audio-encoder-webm-vorbis: bf7c407c2cedff20999df2af8eb42d56 -> 
  custom:container-muxer-webm: aa71ff27fc2769a1b78a27578f13a17b -> 
========================================================================
Received Import Request.
  Time since last request: 707831.022601 seconds.
  path: Assets/_Rocket/_Prefabs/Generation03RocketPid.prefab
  artifactKey: Guid(c42689cc1040e164b8a0171cb64c545a) Importer(815301076,1909f56bfc062723c751e8b465ee728b)
Start importing Assets/_Rocket/_Prefabs/Generation03RocketPid.prefab using Guid(c42689cc1040e164b8a0171cb64c545a) Importer(815301076,1909f56bfc062723c751e8b465ee728b)  -> (artifact id: '874de0b12cb695bec1ee0499c9a99fea') in 0.157889 seconds
Number of updated asset objects reloaded before import = 0
Number of asset objects unloaded after import = 75
========================================================================
Received Import Request.
  Time since last request: 24.025181 seconds.
  path: Assets/_Rocket/_Prefabs/PidRocketAttack.prefab
  artifactKey: Guid(3ee03a02b6b8e5640b49a7302188f37d) Importer(815301076,1909f56bfc062723c751e8b465ee728b)
Start importing Assets/_Rocket/_Prefabs/PidRocketAttack.prefab using Guid(3ee03a02b6b8e5640b49a7302188f37d) Importer(815301076,1909f56bfc062723c751e8b465ee728b)  -> (artifact id: 'f30be9ef1859f3c3604bd91f8913aab7') in 0.053079 seconds
Number of updated asset objects reloaded before import = 0
Number of asset objects unloaded after import = 74
========================================================================
Received Import Request.
  Time since last request: 18.715895 seconds.
  path: Assets/_Rocket/_Prefabs/MyRedTarget.prefab
  artifactKey: Guid(8b06e8372fc0bef4a98771869e00e870) Importer(815301076,1909f56bfc062723c751e8b465ee728b)
Start importing Assets/_Rocket/_Prefabs/MyRedTarget.prefab using Guid(8b06e8372fc0bef4a98771869e00e870) Importer(815301076,1909f56bfc062723c751e8b465ee728b)  -> (artifact id: '276e3cb5c9b10e0e0f31a52aa786cae0') in 0.019951 seconds
Number of updated asset objects reloaded before import = 0
Number of asset objects unloaded after import = 7
========================================================================
Received Import Request.
  Time since last request: 7.300828 seconds.
  path: Assets/_Rocket/_Prefabs/Generation03RocketPid.prefab
  artifactKey: Guid(c42689cc1040e164b8a0171cb64c545a) Importer(815301076,1909f56bfc062723c751e8b465ee728b)
Start importing Assets/_Rocket/_Prefabs/Generation03RocketPid.prefab using Guid(c42689cc1040e164b8a0171cb64c545a) Importer(815301076,1909f56bfc062723c751e8b465ee728b)  -> (artifact id: 'df5619cb018029a098a687849364871c') in 0.021074 seconds
Number of updated asset objects reloaded before import = 0
Number of asset objects unloaded after import = 81
========================================================================
Received Import Request.
  Time since last request: 4.489667 seconds.
  path: Assets/_Rocket/_Prefabs/Generation03RocketPid.prefab
  artifactKey: Guid(c42689cc1040e164b8a0171cb64c545a) Importer(815301076,1909f56bfc062723c751e8b465ee728b)
Start importing Assets/_Rocket/_Prefabs/Generation03RocketPid.prefab using Guid(c42689cc1040e164b8a0171cb64c545a) Importer(815301076,1909f56bfc062723c751e8b465ee728b)  -> (artifact id: '8893fb42fd036b781cc4b4b85bf66822') in 0.024495 seconds
Number of updated asset objects reloaded before import = 0
Number of asset objects unloaded after import = 81
========================================================================
Received Import Request.
  Time since last request: 5.942491 seconds.
  path: Assets/_Rocket/_Prefabs/Generation03RocketPid.prefab
  artifactKey: Guid(c42689cc1040e164b8a0171cb64c545a) Importer(815301076,1909f56bfc062723c751e8b465ee728b)
Start importing Assets/_Rocket/_Prefabs/Generation03RocketPid.prefab using Guid(c42689cc1040e164b8a0171cb64c545a) Importer(815301076,1909f56bfc062723c751e8b465ee728b)  -> (artifact id: '98f8a6fd199db4aca631cc1160ced0e7') in 0.024194 seconds
Number of updated asset objects reloaded before import = 0
Number of asset objects unloaded after import = 81
========================================================================
Received Import Request.
  Time since last request: 3.121778 seconds.
  path: Assets/_Rocket/_Prefabs/Generation03RocketPid.prefab
  artifactKey: Guid(c42689cc1040e164b8a0171cb64c545a) Importer(815301076,1909f56bfc062723c751e8b465ee728b)
Start importing Assets/_Rocket/_Prefabs/Generation03RocketPid.prefab using Guid(c42689cc1040e164b8a0171cb64c545a) Importer(815301076,1909f56bfc062723c751e8b465ee728b)  -> (artifact id: '4c4a53b24a242ade6697cdee04138d63') in 0.023467 seconds
Number of updated asset objects reloaded before import = 0
Number of asset objects unloaded after import = 81
========================================================================
Received Import Request.
  Time since last request: 2.396581 seconds.
  path: Assets/_Rocket/_Prefabs/Generation03RocketPid.prefab
  artifactKey: Guid(c42689cc1040e164b8a0171cb64c545a) Importer(815301076,1909f56bfc062723c751e8b465ee728b)
Start importing Assets/_Rocket/_Prefabs/Generation03RocketPid.prefab using Guid(c42689cc1040e164b8a0171cb64c545a) Importer(815301076,1909f56bfc062723c751e8b465ee728b)  -> (artifact id: 'f0eb1c431d584181e9ecc830d4356c5f') in 0.027128 seconds
Number of updated asset objects reloaded before import = 0
Number of asset objects unloaded after import = 81
========================================================================
Received Import Request.
  Time since last request: 2.299921 seconds.
  path: Assets/_Rocket/_Prefabs/Generation03RocketPid.prefab
  artifactKey: Guid(c42689cc1040e164b8a0171cb64c545a) Importer(815301076,1909f56bfc062723c751e8b465ee728b)
Start importing Assets/_Rocket/_Prefabs/Generation03RocketPid.prefab using Guid(c42689cc1040e164b8a0171cb64c545a) Importer(815301076,1909f56bfc062723c751e8b465ee728b)  -> (artifact id: '04e0d40a5a7f5a0c947b6f666ad3ff49') in 0.023266 seconds
Number of updated asset objects reloaded before import = 0
Number of asset objects unloaded after import = 81
========================================================================
Received Prepare
Begin MonoManager ReloadAssembly
Symbol file LoadedFromMemory is not a mono symbol file
- Loaded All Assemblies, in  0.569 seconds
Refreshing native plugins compatible for Editor in 11.61 ms, found 2 plugins.
Native extension for WindowsStandalone target not found
Native extension for WebGL target not found
[Package Manager] Server::EnsureServerProcessIsRunning -- launch failed, reason: Unity was launched with the -noUpm command-line argument
[Package Manager] UpmClient::Send -- Unable to send message (not connected to UPM process).
[Package Manager] Cannot connect to Unity Package Manager local server
Mono: successfully reloaded assembly
- Finished resetting the current domain, in  1.314 seconds
Domain Reload Profiling: 1879ms
	BeginReloadAssembly (188ms)
		ExecutionOrderSort (0ms)
		DisableScriptedObjects (7ms)
		BackupInstance (0ms)
		ReleaseScriptingObjects (0ms)
		CreateAndSetChildDomain (39ms)
	RebuildCommonClasses (42ms)
	RebuildNativeTypeToScriptingClass (17ms)
	initialDomainReloadingComplete (37ms)
	LoadAllAssembliesAndSetupDomain (280ms)
		LoadAssemblies (374ms)
		RebuildTransferFunctionScriptingTraits (0ms)
		AnalyzeDomain (12ms)
			TypeCache.Refresh (6ms)
				TypeCache.ScanAssembly (0ms)
			ScanForSourceGeneratedMonoScriptInfo (0ms)
			ResolveRequiredComponents (5ms)
	FinalizeReload (1315ms)
		ReleaseScriptCaches (0ms)
		RebuildScriptCaches (0ms)
		SetupLoadedEditorAssemblies (788ms)
			LogAssemblyErrors (0ms)
			InitializePlatformSupportModulesInManaged (10ms)
			SetLoadedEditorAssemblies (6ms)
			RefreshPlugins (0ms)
			BeforeProcessingInitializeOnLoad (92ms)
			ProcessInitializeOnLoadAttributes (421ms)
			ProcessInitializeOnLoadMethodAttributes (250ms)
			AfterProcessingInitializeOnLoad (10ms)
			EditorAssembliesLoaded (0ms)
		ExecutionOrderSort2 (0ms)
		AwakeInstancesAfterBackupRestoration (15ms)
Refreshing native plugins compatible for Editor in 12.42 ms, found 2 plugins.
Preloading 0 native plugins for Editor in 0.00 ms.
Unloading 2624 Unused Serialized files (Serialized files now loaded: 0)
Unloading 59 unused Assets / (333.9 KB). Loaded Objects now: 3109.
Memory consumption went from 116.4 MB to 116.1 MB.
Total: 8.881700 ms (FindLiveObjects: 0.226900 ms CreateObjectMapping: 0.118500 ms MarkObjects: 8.345300 ms  DeleteObjects: 0.189600 ms)

Prepare: number of updated asset objects reloaded= 0
AssetImportParameters requested are different than current active one (requested -> active):
  custom:video-decoder-webm-vp8: 9c59270c3fd7afecdb556c50c9e8de78 -> 
  custom:SearchIndexIgnoredProperties: e643bd26f0fe6173181afceb89e7c659 -> 
  custom:container-demuxer-ogg: 62fdf1f143b41e24485cea50d1cbac27 -> 
  custom:AudioImporter_EditorPlatform: d09bf68614088b80899f8185d706f6e7 -> 
  custom:video-codec-MediaFoundation-h265: 746d11721c4dcdbdad8f713fa42b33f4 -> 
  custom:video-decoder-ogg-theora: a1e56fd34408186e4bbccfd4996cb3dc -> 
  custom:framework-win-MediaFoundation: 216162199b28c13a410421893ffa2e32 -> 
  custom:video-encoder-webm-vp8: eb34c28f22e8b96e1ab97ce403110664 -> 
  custom:audio-decoder-ogg-vorbis: bf7c407c2cedff20999df2af8eb42d56 -> 
  custom:CustomObjectIndexerAttribute: 9a22284fe3817be447336de3de66b15e -> 
  custom:container-demuxer-webm: 4f35f7cbe854078d1ac9338744f61a02 -> 
  custom:audio-encoder-webm-vorbis: bf7c407c2cedff20999df2af8eb42d56 -> 
  custom:container-muxer-webm: aa71ff27fc2769a1b78a27578f13a17b -> 
========================================================================
Received Import Request.
  Time since last request: 58.459045 seconds.
  path: Assets/_Rocket/_Prefabs/Generation03RocketPid.prefab
  artifactKey: Guid(c42689cc1040e164b8a0171cb64c545a) Importer(815301076,1909f56bfc062723c751e8b465ee728b)
Start importing Assets/_Rocket/_Prefabs/Generation03RocketPid.prefab using Guid(c42689cc1040e164b8a0171cb64c545a) Importer(815301076,1909f56bfc062723c751e8b465ee728b)  -> (artifact id: '092991c6d4637dd311d29fa8ee7f62c1') in 0.111456 seconds
Number of updated asset objects reloaded before import = 0
Number of asset objects unloaded after import = 75
========================================================================
Received Prepare
Begin MonoManager ReloadAssembly
Symbol file LoadedFromMemory is not a mono symbol file
- Loaded All Assemblies, in  0.571 seconds
Refreshing native plugins compatible for Editor in 10.95 ms, found 2 plugins.
Native extension for WindowsStandalone target not found
Native extension for WebGL target not found
[Package Manager] Server::EnsureServerProcessIsRunning -- launch failed, reason: Unity was launched with the -noUpm command-line argument
[Package Manager] UpmClient::Send -- Unable to send message (not connected to UPM process).
[Package Manager] Cannot connect to Unity Package Manager local server
Mono: successfully reloaded assembly
- Finished resetting the current domain, in  1.264 seconds
Domain Reload Profiling: 1831ms
	BeginReloadAssembly (189ms)
		ExecutionOrderSort (0ms)
		DisableScriptedObjects (7ms)
		BackupInstance (0ms)
		ReleaseScriptingObjects (0ms)
		CreateAndSetChildDomain (42ms)
	RebuildCommonClasses (42ms)
	RebuildNativeTypeToScriptingClass (16ms)
	initialDomainReloadingComplete (36ms)
	LoadAllAssembliesAndSetupDomain (284ms)
		LoadAssemblies (374ms)
		RebuildTransferFunctionScriptingTraits (0ms)
		AnalyzeDomain (12ms)
			TypeCache.Refresh (6ms)
				TypeCache.ScanAssembly (0ms)
			ScanForSourceGeneratedMonoScriptInfo (0ms)
			ResolveRequiredComponents (5ms)
	FinalizeReload (1265ms)
		ReleaseScriptCaches (0ms)
		RebuildScriptCaches (0ms)
		SetupLoadedEditorAssemblies (749ms)
			LogAssemblyErrors (0ms)
			InitializePlatformSupportModulesInManaged (9ms)
			SetLoadedEditorAssemblies (6ms)
			RefreshPlugins (0ms)
			BeforeProcessingInitializeOnLoad (82ms)
			ProcessInitializeOnLoadAttributes (414ms)
			ProcessInitializeOnLoadMethodAttributes (226ms)
			AfterProcessingInitializeOnLoad (10ms)
			EditorAssembliesLoaded (1ms)
		ExecutionOrderSort2 (0ms)
		AwakeInstancesAfterBackupRestoration (12ms)
Refreshing native plugins compatible for Editor in 12.12 ms, found 2 plugins.
Preloading 0 native plugins for Editor in 0.00 ms.
Unloading 2624 Unused Serialized files (Serialized files now loaded: 0)
Unloading 59 unused Assets / (333.9 KB). Loaded Objects now: 3112.
Memory consumption went from 116.4 MB to 116.1 MB.
Total: 8.800300 ms (FindLiveObjects: 0.222900 ms CreateObjectMapping: 0.116800 ms MarkObjects: 8.315700 ms  DeleteObjects: 0.143100 ms)

Prepare: number of updated asset objects reloaded= 0
AssetImportParameters requested are different than current active one (requested -> active):
  custom:video-decoder-webm-vp8: 9c59270c3fd7afecdb556c50c9e8de78 -> 
  custom:SearchIndexIgnoredProperties: e643bd26f0fe6173181afceb89e7c659 -> 
  custom:container-demuxer-ogg: 62fdf1f143b41e24485cea50d1cbac27 -> 
  custom:AudioImporter_EditorPlatform: d09bf68614088b80899f8185d706f6e7 -> 
  custom:video-codec-MediaFoundation-h265: 746d11721c4dcdbdad8f713fa42b33f4 -> 
  custom:video-decoder-ogg-theora: a1e56fd34408186e4bbccfd4996cb3dc -> 
  custom:framework-win-MediaFoundation: 216162199b28c13a410421893ffa2e32 -> 
  custom:video-encoder-webm-vp8: eb34c28f22e8b96e1ab97ce403110664 -> 
  custom:audio-decoder-ogg-vorbis: bf7c407c2cedff20999df2af8eb42d56 -> 
  custom:CustomObjectIndexerAttribute: 9a22284fe3817be447336de3de66b15e -> 
  custom:container-demuxer-webm: 4f35f7cbe854078d1ac9338744f61a02 -> 
  custom:audio-encoder-webm-vorbis: bf7c407c2cedff20999df2af8eb42d56 -> 
  custom:container-muxer-webm: aa71ff27fc2769a1b78a27578f13a17b -> 
========================================================================
Received Prepare
Begin MonoManager ReloadAssembly
Symbol file LoadedFromMemory is not a mono symbol file
- Loaded All Assemblies, in  0.585 seconds
Refreshing native plugins compatible for Editor in 11.04 ms, found 2 plugins.
Native extension for WindowsStandalone target not found
Native extension for WebGL target not found
[Package Manager] Server::EnsureServerProcessIsRunning -- launch failed, reason: Unity was launched with the -noUpm command-line argument
[Package Manager] UpmClient::Send -- Unable to send message (not connected to UPM process).
[Package Manager] Cannot connect to Unity Package Manager local server
Mono: successfully reloaded assembly
- Finished resetting the current domain, in  1.317 seconds
Domain Reload Profiling: 1898ms
	BeginReloadAssembly (196ms)
		ExecutionOrderSort (0ms)
		DisableScriptedObjects (7ms)
		BackupInstance (0ms)
		ReleaseScriptingObjects (0ms)
		CreateAndSetChildDomain (39ms)
	RebuildCommonClasses (43ms)
	RebuildNativeTypeToScriptingClass (15ms)
	initialDomainReloadingComplete (38ms)
	LoadAllAssembliesAndSetupDomain (287ms)
		LoadAssemblies (384ms)
		RebuildTransferFunctionScriptingTraits (0ms)
		AnalyzeDomain (12ms)
			TypeCache.Refresh (6ms)
				TypeCache.ScanAssembly (0ms)
			ScanForSourceGeneratedMonoScriptInfo (0ms)
			ResolveRequiredComponents (5ms)
	FinalizeReload (1318ms)
		ReleaseScriptCaches (0ms)
		RebuildScriptCaches (0ms)
		SetupLoadedEditorAssemblies (800ms)
			LogAssemblyErrors (0ms)
			InitializePlatformSupportModulesInManaged (11ms)
			SetLoadedEditorAssemblies (6ms)
			RefreshPlugins (0ms)
			BeforeProcessingInitializeOnLoad (91ms)
			ProcessInitializeOnLoadAttributes (453ms)
			ProcessInitializeOnLoadMethodAttributes (230ms)
			AfterProcessingInitializeOnLoad (9ms)
			EditorAssembliesLoaded (0ms)
		ExecutionOrderSort2 (0ms)
		AwakeInstancesAfterBackupRestoration (11ms)
Refreshing native plugins compatible for Editor in 11.15 ms, found 2 plugins.
Preloading 0 native plugins for Editor in 0.00 ms.
Unloading 2625 Unused Serialized files (Serialized files now loaded: 0)
Unloading 57 unused Assets / (332.8 KB). Loaded Objects now: 3115.
Memory consumption went from 116.6 MB to 116.3 MB.
Total: 8.315400 ms (FindLiveObjects: 0.221200 ms CreateObjectMapping: 0.119100 ms MarkObjects: 7.846700 ms  DeleteObjects: 0.126800 ms)

Prepare: number of updated asset objects reloaded= 0
AssetImportParameters requested are different than current active one (requested -> active):
  custom:video-decoder-webm-vp8: 9c59270c3fd7afecdb556c50c9e8de78 -> 
  custom:SearchIndexIgnoredProperties: e643bd26f0fe6173181afceb89e7c659 -> 
  custom:container-demuxer-ogg: 62fdf1f143b41e24485cea50d1cbac27 -> 
  custom:AudioImporter_EditorPlatform: d09bf68614088b80899f8185d706f6e7 -> 
  custom:video-codec-MediaFoundation-h265: 746d11721c4dcdbdad8f713fa42b33f4 -> 
  custom:video-decoder-ogg-theora: a1e56fd34408186e4bbccfd4996cb3dc -> 
  custom:framework-win-MediaFoundation: 216162199b28c13a410421893ffa2e32 -> 
  custom:video-encoder-webm-vp8: eb34c28f22e8b96e1ab97ce403110664 -> 
  custom:audio-decoder-ogg-vorbis: bf7c407c2cedff20999df2af8eb42d56 -> 
  custom:CustomObjectIndexerAttribute: 9a22284fe3817be447336de3de66b15e -> 
  custom:container-demuxer-webm: 4f35f7cbe854078d1ac9338744f61a02 -> 
  custom:audio-encoder-webm-vorbis: bf7c407c2cedff20999df2af8eb42d56 -> 
  custom:container-muxer-webm: aa71ff27fc2769a1b78a27578f13a17b -> 
========================================================================
Received Prepare
Begin MonoManager ReloadAssembly
Symbol file LoadedFromMemory is not a mono symbol file
- Loaded All Assemblies, in  0.682 seconds
Refreshing native plugins compatible for Editor in 11.51 ms, found 2 plugins.
Native extension for WindowsStandalone target not found
Native extension for WebGL target not found
[Package Manager] Server::EnsureServerProcessIsRunning -- launch failed, reason: Unity was launched with the -noUpm command-line argument
[Package Manager] UpmClient::Send -- Unable to send message (not connected to UPM process).
[Package Manager] Cannot connect to Unity Package Manager local server
Mono: successfully reloaded assembly
- Finished resetting the current domain, in  1.172 seconds
Domain Reload Profiling: 1850ms
	BeginReloadAssembly (200ms)
		ExecutionOrderSort (0ms)
		DisableScriptedObjects (7ms)
		BackupInstance (0ms)
		ReleaseScriptingObjects (0ms)
		CreateAndSetChildDomain (38ms)
	RebuildCommonClasses (66ms)
	RebuildNativeTypeToScriptingClass (18ms)
	initialDomainReloadingComplete (37ms)
	LoadAllAssembliesAndSetupDomain (356ms)
		LoadAssemblies (388ms)
		RebuildTransferFunctionScriptingTraits (0ms)
		AnalyzeDomain (89ms)
			TypeCache.Refresh (62ms)
				TypeCache.ScanAssembly (51ms)
			ScanForSourceGeneratedMonoScriptInfo (21ms)
			ResolveRequiredComponents (4ms)
	FinalizeReload (1173ms)
		ReleaseScriptCaches (0ms)
		RebuildScriptCaches (0ms)
		SetupLoadedEditorAssemblies (668ms)
			LogAssemblyErrors (0ms)
			InitializePlatformSupportModulesInManaged (9ms)
			SetLoadedEditorAssemblies (6ms)
			RefreshPlugins (0ms)
			BeforeProcessingInitializeOnLoad (82ms)
			ProcessInitializeOnLoadAttributes (375ms)
			ProcessInitializeOnLoadMethodAttributes (188ms)
			AfterProcessingInitializeOnLoad (8ms)
			EditorAssembliesLoaded (0ms)
		ExecutionOrderSort2 (0ms)
		AwakeInstancesAfterBackupRestoration (10ms)
Refreshing native plugins compatible for Editor in 10.93 ms, found 2 plugins.
Preloading 0 native plugins for Editor in 0.00 ms.
Unloading 2625 Unused Serialized files (Serialized files now loaded: 0)
Unloading 57 unused Assets / (332.9 KB). Loaded Objects now: 3118.
Memory consumption went from 116.6 MB to 116.3 MB.
Total: 8.141400 ms (FindLiveObjects: 0.217500 ms CreateObjectMapping: 0.104200 ms MarkObjects: 7.688500 ms  DeleteObjects: 0.129800 ms)

Prepare: number of updated asset objects reloaded= 0
AssetImportParameters requested are different than current active one (requested -> active):
  custom:video-decoder-webm-vp8: 9c59270c3fd7afecdb556c50c9e8de78 -> 
  custom:SearchIndexIgnoredProperties: e643bd26f0fe6173181afceb89e7c659 -> 
  custom:container-demuxer-ogg: 62fdf1f143b41e24485cea50d1cbac27 -> 
  custom:AudioImporter_EditorPlatform: d09bf68614088b80899f8185d706f6e7 -> 
  custom:video-codec-MediaFoundation-h265: 746d11721c4dcdbdad8f713fa42b33f4 -> 
  custom:video-decoder-ogg-theora: a1e56fd34408186e4bbccfd4996cb3dc -> 
  custom:framework-win-MediaFoundation: 216162199b28c13a410421893ffa2e32 -> 
  custom:video-encoder-webm-vp8: eb34c28f22e8b96e1ab97ce403110664 -> 
  custom:audio-decoder-ogg-vorbis: bf7c407c2cedff20999df2af8eb42d56 -> 
  custom:CustomObjectIndexerAttribute: 9a22284fe3817be447336de3de66b15e -> 
  custom:container-demuxer-webm: 4f35f7cbe854078d1ac9338744f61a02 -> 
  custom:audio-encoder-webm-vorbis: bf7c407c2cedff20999df2af8eb42d56 -> 
  custom:container-muxer-webm: aa71ff27fc2769a1b78a27578f13a17b -> 
========================================================================
Received Prepare
Begin MonoManager ReloadAssembly
Symbol file LoadedFromMemory is not a mono symbol file
- Loaded All Assemblies, in  0.590 seconds
Refreshing native plugins compatible for Editor in 11.84 ms, found 2 plugins.
Native extension for WindowsStandalone target not found
Native extension for WebGL target not found
[Package Manager] Server::EnsureServerProcessIsRunning -- launch failed, reason: Unity was launched with the -noUpm command-line argument
[Package Manager] UpmClient::Send -- Unable to send message (not connected to UPM process).
[Package Manager] Cannot connect to Unity Package Manager local server
Mono: successfully reloaded assembly
- Finished resetting the current domain, in  1.281 seconds
Domain Reload Profiling: 1866ms
	BeginReloadAssembly (190ms)
		ExecutionOrderSort (0ms)
		DisableScriptedObjects (8ms)
		BackupInstance (0ms)
		ReleaseScriptingObjects (0ms)
		CreateAndSetChildDomain (37ms)
	RebuildCommonClasses (43ms)
	RebuildNativeTypeToScriptingClass (16ms)
	initialDomainReloadingComplete (37ms)
	LoadAllAssembliesAndSetupDomain (299ms)
		LoadAssemblies (394ms)
		RebuildTransferFunctionScriptingTraits (0ms)
		AnalyzeDomain (14ms)
			TypeCache.Refresh (7ms)
				TypeCache.ScanAssembly (0ms)
			ScanForSourceGeneratedMonoScriptInfo (0ms)
			ResolveRequiredComponents (5ms)
	FinalizeReload (1281ms)
		ReleaseScriptCaches (0ms)
		RebuildScriptCaches (0ms)
		SetupLoadedEditorAssemblies (776ms)
			LogAssemblyErrors (0ms)
			InitializePlatformSupportModulesInManaged (12ms)
			SetLoadedEditorAssemblies (6ms)
			RefreshPlugins (0ms)
			BeforeProcessingInitializeOnLoad (81ms)
			ProcessInitializeOnLoadAttributes (434ms)
			ProcessInitializeOnLoadMethodAttributes (232ms)
			AfterProcessingInitializeOnLoad (10ms)
			EditorAssembliesLoaded (0ms)
		ExecutionOrderSort2 (0ms)
		AwakeInstancesAfterBackupRestoration (11ms)
Refreshing native plugins compatible for Editor in 12.06 ms, found 2 plugins.
Preloading 0 native plugins for Editor in 0.00 ms.
Unloading 2625 Unused Serialized files (Serialized files now loaded: 0)
Unloading 57 unused Assets / (332.9 KB). Loaded Objects now: 3121.
Memory consumption went from 116.6 MB to 116.3 MB.
Total: 8.740300 ms (FindLiveObjects: 0.227900 ms CreateObjectMapping: 0.110100 ms MarkObjects: 8.271100 ms  DeleteObjects: 0.129100 ms)

Prepare: number of updated asset objects reloaded= 0
AssetImportParameters requested are different than current active one (requested -> active):
  custom:video-decoder-webm-vp8: 9c59270c3fd7afecdb556c50c9e8de78 -> 
  custom:SearchIndexIgnoredProperties: e643bd26f0fe6173181afceb89e7c659 -> 
  custom:container-demuxer-ogg: 62fdf1f143b41e24485cea50d1cbac27 -> 
  custom:AudioImporter_EditorPlatform: d09bf68614088b80899f8185d706f6e7 -> 
  custom:video-codec-MediaFoundation-h265: 746d11721c4dcdbdad8f713fa42b33f4 -> 
  custom:video-decoder-ogg-theora: a1e56fd34408186e4bbccfd4996cb3dc -> 
  custom:framework-win-MediaFoundation: 216162199b28c13a410421893ffa2e32 -> 
  custom:video-encoder-webm-vp8: eb34c28f22e8b96e1ab97ce403110664 -> 
  custom:audio-decoder-ogg-vorbis: bf7c407c2cedff20999df2af8eb42d56 -> 
  custom:CustomObjectIndexerAttribute: 9a22284fe3817be447336de3de66b15e -> 
  custom:container-demuxer-webm: 4f35f7cbe854078d1ac9338744f61a02 -> 
  custom:audio-encoder-webm-vorbis: bf7c407c2cedff20999df2af8eb42d56 -> 
  custom:container-muxer-webm: aa71ff27fc2769a1b78a27578f13a17b -> 
========================================================================
Received Prepare
Refreshing native plugins compatible for Editor in 12.24 ms, found 2 plugins.
Preloading 0 native plugins for Editor in 0.00 ms.
Unloading 5 Unused Serialized files (Serialized files now loaded: 0)
Unloading 5 unused Assets / (299.2 KB). Loaded Objects now: 3121.
Memory consumption went from 75.7 MB to 75.4 MB.
Total: 12.377000 ms (FindLiveObjects: 0.262700 ms CreateObjectMapping: 0.115500 ms MarkObjects: 11.914100 ms  DeleteObjects: 0.082300 ms)

Prepare: number of updated asset objects reloaded= 0
AssetImportParameters requested are different than current active one (requested -> active):
  custom:video-decoder-webm-vp8: 9c59270c3fd7afecdb556c50c9e8de78 -> 
  custom:SearchIndexIgnoredProperties: e643bd26f0fe6173181afceb89e7c659 -> 
  custom:container-demuxer-ogg: 62fdf1f143b41e24485cea50d1cbac27 -> 
  custom:AudioImporter_EditorPlatform: d09bf68614088b80899f8185d706f6e7 -> 
  custom:video-codec-MediaFoundation-h265: 746d11721c4dcdbdad8f713fa42b33f4 -> 
  custom:video-decoder-ogg-theora: a1e56fd34408186e4bbccfd4996cb3dc -> 
  custom:framework-win-MediaFoundation: 216162199b28c13a410421893ffa2e32 -> 
  custom:video-encoder-webm-vp8: eb34c28f22e8b96e1ab97ce403110664 -> 
  custom:audio-decoder-ogg-vorbis: bf7c407c2cedff20999df2af8eb42d56 -> 
  custom:CustomObjectIndexerAttribute: 9a22284fe3817be447336de3de66b15e -> 
  custom:container-demuxer-webm: 4f35f7cbe854078d1ac9338744f61a02 -> 
  custom:audio-encoder-webm-vorbis: bf7c407c2cedff20999df2af8eb42d56 -> 
  custom:container-muxer-webm: aa71ff27fc2769a1b78a27578f13a17b -> 
========================================================================
Received Import Request.
  Time since last request: 2205.562640 seconds.
  path: Assets/_Prefabs/PhysicsRocket.prefab
  artifactKey: Guid(33a6868dba8d5664b9911e17c3aefbbe) Importer(815301076,1909f56bfc062723c751e8b465ee728b)
Start importing Assets/_Prefabs/PhysicsRocket.prefab using Guid(33a6868dba8d5664b9911e17c3aefbbe) Importer(815301076,1909f56bfc062723c751e8b465ee728b)  -> (artifact id: '7df5fb5795e3d60885cc9246ae6b5012') in 0.223669 seconds
Number of updated asset objects reloaded before import = 0
Number of asset objects unloaded after import = 77
========================================================================
Received Import Request.
  Time since last request: 0.000034 seconds.
  path: Assets/_Prefabs/PidRocketAirResistance.prefab
  artifactKey: Guid(0a71327aa0410f54b93efd4048a75814) Importer(815301076,1909f56bfc062723c751e8b465ee728b)
Start importing Assets/_Prefabs/PidRocketAirResistance.prefab using Guid(0a71327aa0410f54b93efd4048a75814) Importer(815301076,1909f56bfc062723c751e8b465ee728b)  -> (artifact id: 'a8a72a6150e8ed0cf07683f3608756e7') in 0.053344 seconds
Number of updated asset objects reloaded before import = 0
Number of asset objects unloaded after import = 84
========================================================================
Received Import Request.
  Time since last request: 13.777471 seconds.
  path: Assets/_Rocket/skyb1
  artifactKey: Guid(d95b2cbc81c7b4c49b3f97258ad51a5f) Importer(815301076,1909f56bfc062723c751e8b465ee728b)
Start importing Assets/_Rocket/skyb1 using Guid(d95b2cbc81c7b4c49b3f97258ad51a5f) Importer(815301076,1909f56bfc062723c751e8b465ee728b)  -> (artifact id: '75e4acfc6a68c680f132705417aed78f') in 0.000858 seconds
Number of updated asset objects reloaded before import = 0
Number of asset objects unloaded after import = 0
========================================================================
Received Import Request.
  Time since last request: 0.035429 seconds.
  path: Assets/_Rocket/skyb1/back.psd
  artifactKey: Guid(bbb6637f8ce50e74a83854c1a41e6cea) Importer(815301076,1909f56bfc062723c751e8b465ee728b)
Start importing Assets/_Rocket/skyb1/back.psd using Guid(bbb6637f8ce50e74a83854c1a41e6cea) Importer(815301076,1909f56bfc062723c751e8b465ee728b)  -> (artifact id: 'eea1dfb488e2a905f350e4ba0795de8d') in 0.035045 seconds
Number of updated asset objects reloaded before import = 0
Number of asset objects unloaded after import = 2
========================================================================
Received Import Request.
  Time since last request: 0.065006 seconds.
  path: Assets/_Rocket/skyb1/front.psd
  artifactKey: Guid(595bdb4ba08337c4097325cdb370d080) Importer(815301076,1909f56bfc062723c751e8b465ee728b)
Start importing Assets/_Rocket/skyb1/front.psd using Guid(595bdb4ba08337c4097325cdb370d080) Importer(815301076,1909f56bfc062723c751e8b465ee728b)  -> (artifact id: '732c57b4348010672735a3971d0401ac') in 0.030374 seconds
Number of updated asset objects reloaded before import = 0
Number of asset objects unloaded after import = 2
========================================================================
Received Import Request.
  Time since last request: 0.000029 seconds.
  path: Assets/_Rocket/skyb1/up.psd
  artifactKey: Guid(baafe81d1a28b0d45b7f3e673509d5e8) Importer(815301076,1909f56bfc062723c751e8b465ee728b)
Start importing Assets/_Rocket/skyb1/up.psd using Guid(baafe81d1a28b0d45b7f3e673509d5e8) Importer(815301076,1909f56bfc062723c751e8b465ee728b)  -> (artifact id: 'cf1383fad1c9ffe9c26b804bbf6bdd6b') in 0.031539 seconds
Number of updated asset objects reloaded before import = 0
Number of asset objects unloaded after import = 2
========================================================================
Received Import Request.
  Time since last request: 0.000068 seconds.
  path: Assets/_Rocket/skyb1/r.psd
  artifactKey: Guid(b4dd7bac6c9c9bb4bb3c1b63a3eef362) Importer(815301076,1909f56bfc062723c751e8b465ee728b)
Start importing Assets/_Rocket/skyb1/r.psd using Guid(b4dd7bac6c9c9bb4bb3c1b63a3eef362) Importer(815301076,1909f56bfc062723c751e8b465ee728b)  -> (artifact id: '809faab211ca182bdc53ed0e4e734e49') in 0.025232 seconds
Number of updated asset objects reloaded before import = 0
Number of asset objects unloaded after import = 2
========================================================================
Received Import Request.
  Time since last request: 6.362003 seconds.
  path: Assets/_Sprites
  artifactKey: Guid(0651c6ed4e35e714281a580ef5db9ad5) Importer(815301076,1909f56bfc062723c751e8b465ee728b)
Start importing Assets/_Sprites using Guid(0651c6ed4e35e714281a580ef5db9ad5) Importer(815301076,1909f56bfc062723c751e8b465ee728b)  -> (artifact id: 'b80dcdb03d8ceaa789f72f5ed3a4f5ea') in 0.000789 seconds
Number of updated asset objects reloaded before import = 0
Number of asset objects unloaded after import = 0
========================================================================
Received Import Request.
  Time since last request: 0.086858 seconds.
  path: Assets/_Sprites/dwadsa.png
  artifactKey: Guid(49c42048f2d7b864fa01254fcac7c5f4) Importer(815301076,1909f56bfc062723c751e8b465ee728b)
Start importing Assets/_Sprites/dwadsa.png using Guid(49c42048f2d7b864fa01254fcac7c5f4) Importer(815301076,1909f56bfc062723c751e8b465ee728b)  -> (artifact id: '1b09e3ed04a2293dc1882f678605b4a6') in 0.044701 seconds
Number of updated asset objects reloaded before import = 0
Number of asset objects unloaded after import = 3
========================================================================
Received Import Request.
  Time since last request: 0.000031 seconds.
  path: Assets/_Sprites/Ion.jpg
  artifactKey: Guid(e70fd6d3896c15942ba9f2da0e9355c4) Importer(815301076,1909f56bfc062723c751e8b465ee728b)
Start importing Assets/_Sprites/Ion.jpg using Guid(e70fd6d3896c15942ba9f2da0e9355c4) Importer(815301076,1909f56bfc062723c751e8b465ee728b)  -> (artifact id: 'ecc64463c2dcf8680621c688d18b02f9') in 0.050365 seconds
Number of updated asset objects reloaded before import = 0
Number of asset objects unloaded after import = 3
========================================================================
Received Import Request.
  Time since last request: 0.000025 seconds.
  path: Assets/_Sprites/Logo2.png
  artifactKey: Guid(eb19e0160e0f02c4b85ec043497e27ef) Importer(815301076,1909f56bfc062723c751e8b465ee728b)
Start importing Assets/_Sprites/Logo2.png using Guid(eb19e0160e0f02c4b85ec043497e27ef) Importer(815301076,1909f56bfc062723c751e8b465ee728b)  -> (artifact id: '749323a291bb3e1afd473ebab2f94880') in 0.026229 seconds
Number of updated asset objects reloaded before import = 0
Number of asset objects unloaded after import = 3
========================================================================
Received Import Request.
  Time since last request: 15.170922 seconds.
  path: Assets/Missile Assets/Demo.unity
  artifactKey: Guid(26c29ef834c037840b436fdca6301ac6) Importer(815301076,1909f56bfc062723c751e8b465ee728b)
Start importing Assets/Missile Assets/Demo.unity using Guid(26c29ef834c037840b436fdca6301ac6) Importer(815301076,1909f56bfc062723c751e8b465ee728b)  -> (artifact id: '02cbeb48029531f7ea55941853ec71dc') in 0.000729 seconds
Number of updated asset objects reloaded before import = 0
Number of asset objects unloaded after import = 0
========================================================================
Received Import Request.
  Time since last request: 0.416886 seconds.
  path: Assets/Missile Assets/Textures
  artifactKey: Guid(a68727db2f21282428e27b9c834d30df) Importer(815301076,1909f56bfc062723c751e8b465ee728b)
Start importing Assets/Missile Assets/Textures using Guid(a68727db2f21282428e27b9c834d30df) Importer(815301076,1909f56bfc062723c751e8b465ee728b)  -> (artifact id: 'c2ffee322f3c219e44420dc03397b9ba') in 0.000627 seconds
Number of updated asset objects reloaded before import = 0
Number of asset objects unloaded after import = 0
========================================================================
Received Import Request.
  Time since last request: 0.522001 seconds.
  path: Assets/Missile Assets/Sounds
  artifactKey: Guid(002e761d1b615ab4399c30b1c7f93639) Importer(815301076,1909f56bfc062723c751e8b465ee728b)
Start importing Assets/Missile Assets/Sounds using Guid(002e761d1b615ab4399c30b1c7f93639) Importer(815301076,1909f56bfc062723c751e8b465ee728b)  -> (artifact id: '5daa66a22efc4d033a88e3baa2598228') in 0.000874 seconds
Number of updated asset objects reloaded before import = 0
Number of asset objects unloaded after import = 0
========================================================================
Received Import Request.
  Time since last request: 0.500901 seconds.
  path: Assets/Missile Assets/Prefabs
  artifactKey: Guid(db054ea3fd6b7cb498bccc80fc636fcc) Importer(815301076,1909f56bfc062723c751e8b465ee728b)
Start importing Assets/Missile Assets/Prefabs using Guid(db054ea3fd6b7cb498bccc80fc636fcc) Importer(815301076,1909f56bfc062723c751e8b465ee728b)  -> (artifact id: 'd1cab2ac1ae1baf212661d8727f601df') in 0.000935 seconds
Number of updated asset objects reloaded before import = 0
Number of asset objects unloaded after import = 0
========================================================================
Received Import Request.
  Time since last request: 0.857664 seconds.
  path: Assets/Missile Assets/Amins
  artifactKey: Guid(7eafddfb9e1e02a4bb2ee7b6dc841fb8) Importer(815301076,1909f56bfc062723c751e8b465ee728b)
Start importing Assets/Missile Assets/Amins using Guid(7eafddfb9e1e02a4bb2ee7b6dc841fb8) Importer(815301076,1909f56bfc062723c751e8b465ee728b)  -> (artifact id: 'f4454766b44a94c2b2c8b012d50558cb') in 0.000759 seconds
Number of updated asset objects reloaded before import = 0
Number of asset objects unloaded after import = 0
========================================================================
Received Import Request.
  Time since last request: 0.360260 seconds.
  path: Assets/Missile Assets/Doc
  artifactKey: Guid(5108805eba83c494aaa66d1edf030fd8) Importer(815301076,1909f56bfc062723c751e8b465ee728b)
Start importing Assets/Missile Assets/Doc using Guid(5108805eba83c494aaa66d1edf030fd8) Importer(815301076,1909f56bfc062723c751e8b465ee728b)  -> (artifact id: '4ff46f1816a30d5803783cf332fe2f95') in 0.000664 seconds
Number of updated asset objects reloaded before import = 0
Number of asset objects unloaded after import = 0
========================================================================
Received Import Request.
  Time since last request: 0.681600 seconds.
  path: Assets/Missile Assets/Doc/ReadMe.txt
  artifactKey: Guid(6c7938a029fba914c95ab0bc1d578768) Importer(815301076,1909f56bfc062723c751e8b465ee728b)
Start importing Assets/Missile Assets/Doc/ReadMe.txt using Guid(6c7938a029fba914c95ab0bc1d578768) Importer(815301076,1909f56bfc062723c751e8b465ee728b)  -> (artifact id: '24a9d1220b07b82a1b517717dcdbeac3') in 0.001231 seconds
Number of updated asset objects reloaded before import = 0
Number of asset objects unloaded after import = 1
========================================================================
Received Import Request.
  Time since last request: 88.950884 seconds.
  path: Assets/Missile Assets/Prefabs/Missile (Launched).prefab
  artifactKey: Guid(285fd8dbd96cfab43b28b8e12386178d) Importer(815301076,1909f56bfc062723c751e8b465ee728b)
Start importing Assets/Missile Assets/Prefabs/Missile (Launched).prefab using Guid(285fd8dbd96cfab43b28b8e12386178d) Importer(815301076,1909f56bfc062723c751e8b465ee728b)  -> (artifact id: '63a89c9c54089a41ece9885e4b2eb0fe') in 0.032518 seconds
Number of updated asset objects reloaded before import = 0
Number of asset objects unloaded after import = 58
========================================================================
Received Import Request.
  Time since last request: 0.000021 seconds.
  path: Assets/Missile Assets/Prefabs/Missile (Launching).prefab
  artifactKey: Guid(8684c0bc10382e1429d7bca30b171f17) Importer(815301076,1909f56bfc062723c751e8b465ee728b)
Start importing Assets/Missile Assets/Prefabs/Missile (Launching).prefab using Guid(8684c0bc10382e1429d7bca30b171f17) Importer(815301076,1909f56bfc062723c751e8b465ee728b)  -> (artifact id: 'e5af1ca0690cf6c404b4ad950d9114c6') in 0.075734 seconds
Number of updated asset objects reloaded before import = 0
Number of asset objects unloaded after import = 65
========================================================================
Received Import Request.
  Time since last request: 0.000036 seconds.
  path: Assets/Missile Assets/Prefabs/Missile (separated).prefab
  artifactKey: Guid(a7eb274d6f1c3784998a1171e77fe14d) Importer(815301076,1909f56bfc062723c751e8b465ee728b)
Start importing Assets/Missile Assets/Prefabs/Missile (separated).prefab using Guid(a7eb274d6f1c3784998a1171e77fe14d) Importer(815301076,1909f56bfc062723c751e8b465ee728b)  -> (artifact id: 'a60808fb73a337fb97d3ab6a773e6260') in 0.031784 seconds
Number of updated asset objects reloaded before import = 0
Number of asset objects unloaded after import = 43
========================================================================
Received Import Request.
  Time since last request: 87.330115 seconds.
  path: Assets/Skybox Assets/Materials/WispyCubemap2.cubemap
  artifactKey: Guid(08d3eb3caabff3f47ac34c183ff41827) Importer(815301076,1909f56bfc062723c751e8b465ee728b)
Start importing Assets/Skybox Assets/Materials/WispyCubemap2.cubemap using Guid(08d3eb3caabff3f47ac34c183ff41827) Importer(815301076,1909f56bfc062723c751e8b465ee728b)  -> (artifact id: 'ffa7ec7c96b727d7251b0cee9e0fbd3a') in 0.042486 seconds
Number of updated asset objects reloaded before import = 0
Number of asset objects unloaded after import = 1
========================================================================
Received Import Request.
  Time since last request: 0.002022 seconds.
  path: Assets/Skybox Assets/Materials/WispySkyboxCubeMat.mat
  artifactKey: Guid(b22d7be7b41d68745aecdfce4c70c426) Importer(815301076,1909f56bfc062723c751e8b465ee728b)
Start importing Assets/Skybox Assets/Materials/WispySkyboxCubeMat.mat using Guid(b22d7be7b41d68745aecdfce4c70c426) Importer(815301076,1909f56bfc062723c751e8b465ee728b)  -> (artifact id: 'cca7012701ec62eca8b2dec0c82cdee3') in 0.103603 seconds
Number of updated asset objects reloaded before import = 0
Number of asset objects unloaded after import = 2
========================================================================
Received Import Request.
  Time since last request: 0.000030 seconds.
  path: Assets/Skybox Assets/Materials/WispySkyboxMobileMat.mat
  artifactKey: Guid(03902d0b450add74fa144e9510fd0f85) Importer(815301076,1909f56bfc062723c751e8b465ee728b)
Start importing Assets/Skybox Assets/Materials/WispySkyboxMobileMat.mat using Guid(03902d0b450add74fa144e9510fd0f85) Importer(815301076,1909f56bfc062723c751e8b465ee728b)  -> (artifact id: '91ca8c27f591aa3832f85ad3601c1d0c') in 0.328117 seconds
Number of updated asset objects reloaded before import = 0
Number of asset objects unloaded after import = 7
========================================================================
Received Import Request.
  Time since last request: 0.000044 seconds.
  path: Assets/Skybox Assets/Materials/WispySkyboxMat.mat
  artifactKey: Guid(fb3b9b55c01d2194c816b2d469854e16) Importer(815301076,1909f56bfc062723c751e8b465ee728b)
Start importing Assets/Skybox Assets/Materials/WispySkyboxMat.mat using Guid(fb3b9b55c01d2194c816b2d469854e16) Importer(815301076,1909f56bfc062723c751e8b465ee728b)  -> (artifact id: 'e18aaf7017d648477f2a9f31fa4c40b0') in 0.058311 seconds
Number of updated asset objects reloaded before import = 0
Number of asset objects unloaded after import = 7
========================================================================
Received Import Request.
  Time since last request: 39.665153 seconds.
  path: Assets/PostProcessing/Utilities/CustomMotionTexture/Textures/UVChecker.png
  artifactKey: Guid(a08960dd6e8274e7f8fca616e09c48ed) Importer(815301076,1909f56bfc062723c751e8b465ee728b)
Start importing Assets/PostProcessing/Utilities/CustomMotionTexture/Textures/UVChecker.png using Guid(a08960dd6e8274e7f8fca616e09c48ed) Importer(815301076,1909f56bfc062723c751e8b465ee728b)  -> (artifact id: '12189ac89567ba0298701e8c21a21d11') in 0.020835 seconds
Number of updated asset objects reloaded before import = 0
Number of asset objects unloaded after import = 2
========================================================================
Received Import Request.
  Time since last request: 43.725404 seconds.
  path: Assets/_Rocket/_Prefabs/Target.prefab
  artifactKey: Guid(84aacb55e28106641b1d224e6bc47c5e) Importer(815301076,1909f56bfc062723c751e8b465ee728b)
Start importing Assets/_Rocket/_Prefabs/Target.prefab using Guid(84aacb55e28106641b1d224e6bc47c5e) Importer(815301076,1909f56bfc062723c751e8b465ee728b)  -> (artifact id: '96cd81f60da0621346c52563994f90c1') in 0.020178 seconds
Number of updated asset objects reloaded before import = 0
Number of asset objects unloaded after import = 9
